This file contains any messages produced by compilers while
running configure, to aid debugging if configure makes a mistake.

It was created by Chocolate Doom configure 1.7.0, which was
generated by GNU Autoconf 2.67.  Invocation command line was

  $ ./configure 

## --------- ##
## Platform. ##
## --------- ##

hostname = rcray-mbp.student.iastate.edu
uname -m = x86_64
uname -r = 13.0.0
uname -s = Darwin
uname -v = Darwin Kernel Version 13.0.0: Thu Sep 19 22:22:27 PDT 2013; root:xnu-2422.1.72~6/RELEASE_X86_64

/usr/bin/uname -p = i386
/bin/uname -X     = unknown

/bin/arch              = unknown
/usr/bin/arch -k       = unknown
/usr/convex/getsysinfo = unknown
/usr/bin/hostinfo      = Mach kernel version:
	 Darwin Kernel Version 13.0.0: Thu Sep 19 22:22:27 PDT 2013; root:xnu-2422.1.72~6/RELEASE_X86_64
Kernel configured for up to 8 processors.
4 processors are physically available.
8 processors are logically available.
Processor type: i486 (Intel 80486)
Processors active: 0 1 2 3 4 5 6 7
Primary memory available: 8.00 gigabytes
Default processor set: 191 tasks, 932 threads, 8 processors
Load average: 1.18, Mach factor: 6.80
/bin/machine           = unknown
/usr/bin/oslevel       = unknown
/bin/universe          = unknown

PATH: /Users/colin/.rvm/gems/ruby-2.0.0-p247/bin
PATH: /Users/colin/.rvm/gems/ruby-2.0.0-p247@global/bin
PATH: /Users/colin/.rvm/rubies/ruby-2.0.0-p247/bin
PATH: /Users/colin/.rvm/bin
PATH: /usr/local/bin
PATH: /usr/bin
PATH: /bin
PATH: /usr/local/sbin
PATH: /usr/sbin
PATH: /sbin
PATH: /opt/X11/bin
PATH: /usr/texbin
PATH: /Users/colin/.cabal/bin
PATH: /usr/local/share/npm/bin
PATH: /usr/local/opt/ruby/bin


## ----------- ##
## Core tests. ##
## ----------- ##

configure:2233: checking for gcc
configure:2249: found /usr/bin/gcc
configure:2260: result: gcc
configure:2489: checking for C compiler version
configure:2498: gcc --version >&5
Apple LLVM version 5.0 (clang-500.2.79) (based on LLVM 3.3svn)
Target: x86_64-apple-darwin13.0.0
Thread model: posix
Configured with: --prefix=/Applications/Xcode.app/Contents/Developer/usr --with-gxx-include-dir=/usr/include/c++/4.2.1
configure:2509: $? = 0
configure:2498: gcc -v >&5
Configured with: --prefix=/Applications/Xcode.app/Contents/Developer/usr --with-gxx-include-dir=/usr/include/c++/4.2.1
Apple LLVM version 5.0 (clang-500.2.79) (based on LLVM 3.3svn)
Target: x86_64-apple-darwin13.0.0
Thread model: posix
configure:2509: $? = 0
configure:2498: gcc -V >&5
clang: error: argument to '-V' is missing (expected 1 value)
clang: error: no input files
configure:2509: $? = 1
configure:2498: gcc -qversion >&5
clang: error: no input files
configure:2509: $? = 1
configure:2529: checking whether the C compiler works
configure:2551: gcc    conftest.c  >&5
configure:2555: $? = 0
configure:2603: result: yes
configure:2606: checking for C compiler default output file name
configure:2608: result: a.out
configure:2614: checking for suffix of executables
configure:2621: gcc -o conftest    conftest.c  >&5
configure:2625: $? = 0
configure:2647: result: 
configure:2669: checking whether we are cross compiling
configure:2677: gcc -o conftest    conftest.c  >&5
configure:2681: $? = 0
configure:2688: ./conftest
configure:2692: $? = 0
configure:2707: result: no
configure:2712: checking for suffix of object files
configure:2734: gcc -c   conftest.c >&5
configure:2738: $? = 0
configure:2759: result: o
configure:2763: checking whether we are using the GNU C compiler
configure:2782: gcc -c   conftest.c >&5
configure:2782: $? = 0
configure:2791: result: yes
configure:2800: checking whether gcc accepts -g
configure:2820: gcc -c -g  conftest.c >&5
configure:2820: $? = 0
configure:2861: result: yes
configure:2878: checking for gcc option to accept ISO C89
configure:2942: gcc  -c -g -O2  conftest.c >&5
configure:2942: $? = 0
configure:2955: result: none needed
configure:3018: checking for ranlib
configure:3034: found /usr/bin/ranlib
configure:3045: result: ranlib
configure:3069: checking for python
configure:3085: found /usr/local/bin/python
configure:3097: result: true
configure:3169: checking for sdl-config
configure:3187: found /usr/local/bin/sdl-config
configure:3200: result: /usr/local/bin/sdl-config
configure:3210: checking for SDL - version >= 1.1.3
configure:3297: gcc -o conftest -O2 -g -Wall  -I/usr/local/include/SDL -D_GNU_SOURCE=1 -D_THREAD_SAFE   conftest.c  -L/usr/local/lib -lSDLmain -lSDL -Wl,-framework,Cocoa >&5
configure:3297: $? = 0
configure:3297: ./conftest
configure:3297: $? = 0
configure:3312: result: yes
configure:3404: checking how to run the C preprocessor
configure:3435: gcc -E  conftest.c
configure:3435: $? = 0
configure:3449: gcc -E  conftest.c
conftest.c:9:10: fatal error: 'ac_nonexistent.h' file not found
#include <ac_nonexistent.h>
         ^
1 error generated.
configure:3449: $? = 1
configure: failed program was:
| /* confdefs.h */
| #define PACKAGE_NAME "Chocolate Doom"
| #define PACKAGE_TARNAME "chocolate-doom"
| #define PACKAGE_VERSION "1.7.0"
| #define PACKAGE_STRING "Chocolate Doom 1.7.0"
| #define PACKAGE_BUGREPORT "fraggle@gmail.com"
| #define PACKAGE_URL ""
| /* end confdefs.h.  */
| #include <ac_nonexistent.h>
configure:3474: result: gcc -E
configure:3494: gcc -E  conftest.c
configure:3494: $? = 0
configure:3508: gcc -E  conftest.c
conftest.c:9:10: fatal error: 'ac_nonexistent.h' file not found
#include <ac_nonexistent.h>
         ^
1 error generated.
configure:3508: $? = 1
configure: failed program was:
| /* confdefs.h */
| #define PACKAGE_NAME "Chocolate Doom"
| #define PACKAGE_TARNAME "chocolate-doom"
| #define PACKAGE_VERSION "1.7.0"
| #define PACKAGE_STRING "Chocolate Doom 1.7.0"
| #define PACKAGE_BUGREPORT "fraggle@gmail.com"
| #define PACKAGE_URL ""
| /* end confdefs.h.  */
| #include <ac_nonexistent.h>
configure:3537: checking for grep that handles long lines and -e
configure:3595: result: /usr/bin/grep
configure:3600: checking for egrep
configure:3662: result: /usr/bin/grep -E
configure:3667: checking for ANSI C header files
configure:3687: gcc -c -O2 -g -Wall  -I/usr/local/include/SDL -D_GNU_SOURCE=1 -D_THREAD_SAFE  conftest.c >&5
configure:3687: $? = 0
configure:3760: gcc -o conftest -O2 -g -Wall  -I/usr/local/include/SDL -D_GNU_SOURCE=1 -D_THREAD_SAFE   -L/usr/local/lib -lSDLmain -lSDL -Wl,-framework,Cocoa conftest.c  >&5
configure:3760: $? = 0
configure:3760: ./conftest
configure:3760: $? = 0
configure:3771: result: yes
configure:3784: checking for sys/types.h
configure:3784: gcc -c -O2 -g -Wall  -I/usr/local/include/SDL -D_GNU_SOURCE=1 -D_THREAD_SAFE  conftest.c >&5
configure:3784: $? = 0
configure:3784: result: yes
configure:3784: checking for sys/stat.h
configure:3784: gcc -c -O2 -g -Wall  -I/usr/local/include/SDL -D_GNU_SOURCE=1 -D_THREAD_SAFE  conftest.c >&5
configure:3784: $? = 0
configure:3784: result: yes
configure:3784: checking for stdlib.h
configure:3784: gcc -c -O2 -g -Wall  -I/usr/local/include/SDL -D_GNU_SOURCE=1 -D_THREAD_SAFE  conftest.c >&5
configure:3784: $? = 0
configure:3784: result: yes
configure:3784: checking for string.h
configure:3784: gcc -c -O2 -g -Wall  -I/usr/local/include/SDL -D_GNU_SOURCE=1 -D_THREAD_SAFE  conftest.c >&5
configure:3784: $? = 0
configure:3784: result: yes
configure:3784: checking for memory.h
configure:3784: gcc -c -O2 -g -Wall  -I/usr/local/include/SDL -D_GNU_SOURCE=1 -D_THREAD_SAFE  conftest.c >&5
configure:3784: $? = 0
configure:3784: result: yes
configure:3784: checking for strings.h
configure:3784: gcc -c -O2 -g -Wall  -I/usr/local/include/SDL -D_GNU_SOURCE=1 -D_THREAD_SAFE  conftest.c >&5
configure:3784: $? = 0
configure:3784: result: yes
configure:3784: checking for inttypes.h
configure:3784: gcc -c -O2 -g -Wall  -I/usr/local/include/SDL -D_GNU_SOURCE=1 -D_THREAD_SAFE  conftest.c >&5
configure:3784: $? = 0
configure:3784: result: yes
configure:3784: checking for stdint.h
configure:3784: gcc -c -O2 -g -Wall  -I/usr/local/include/SDL -D_GNU_SOURCE=1 -D_THREAD_SAFE  conftest.c >&5
configure:3784: $? = 0
configure:3784: result: yes
configure:3784: checking for unistd.h
configure:3784: gcc -c -O2 -g -Wall  -I/usr/local/include/SDL -D_GNU_SOURCE=1 -D_THREAD_SAFE  conftest.c >&5
configure:3784: $? = 0
configure:3784: result: yes
configure:3811: gcc -o conftest -O2 -g -Wall  -I/usr/local/include/SDL -D_GNU_SOURCE=1 -D_THREAD_SAFE   -L/usr/local/lib -lSDLmain -lSDL -Wl,-framework,Cocoa conftest.c  >&5
configure:3811: $? = 0
configure:3836: gcc -o conftest -O2 -g -Wall  -I/usr/local/include/SDL -D_GNU_SOURCE=1 -D_THREAD_SAFE   -L/usr/local/lib -lSDLmain -lSDL -Wl,-framework,Cocoa conftest.c  >&5
configure:3836: $? = 0
configure:3853: checking for Mix_LoadMUS in -lSDL_mixer
configure:3878: gcc -o conftest -O2 -g -Wall  -I/usr/local/include/SDL -D_GNU_SOURCE=1 -D_THREAD_SAFE   -L/usr/local/lib -lSDLmain -lSDL -Wl,-framework,Cocoa conftest.c -lSDL_mixer   >&5
configure:3878: $? = 0
configure:3887: result: yes
configure:3903: checking for SDLNet_UDP_Send in -lSDL_net
configure:3928: gcc -o conftest -O2 -g -Wall  -I/usr/local/include/SDL -D_GNU_SOURCE=1 -D_THREAD_SAFE   -L/usr/local/lib -lSDLmain -lSDL -Wl,-framework,Cocoa conftest.c -lSDL_net   >&5
configure:3928: $? = 0
configure:3937: result: yes
configure:3953: checking for src_new in -lsamplerate
configure:3978: gcc -o conftest -O2 -g -Wall  -I/usr/local/include/SDL -D_GNU_SOURCE=1 -D_THREAD_SAFE   -L/usr/local/lib -lSDLmain -lSDL -Wl,-framework,Cocoa conftest.c -lsamplerate   >&5
ld: library not found for -lsamplerate
clang: error: linker command failed with exit code 1 (use -v to see invocation)
configure:3978: $? = 1
configure: failed program was:
| /* confdefs.h */
| #define PACKAGE_NAME "Chocolate Doom"
| #define PACKAGE_TARNAME "chocolate-doom"
| #define PACKAGE_VERSION "1.7.0"
| #define PACKAGE_STRING "Chocolate Doom 1.7.0"
| #define PACKAGE_BUGREPORT "fraggle@gmail.com"
| #define PACKAGE_URL ""
| #define STDC_HEADERS 1
| #define HAVE_SYS_TYPES_H 1
| #define HAVE_SYS_STAT_H 1
| #define HAVE_STDLIB_H 1
| #define HAVE_STRING_H 1
| #define HAVE_MEMORY_H 1
| #define HAVE_STRINGS_H 1
| #define HAVE_INTTYPES_H 1
| #define HAVE_STDINT_H 1
| #define HAVE_UNISTD_H 1
| /* end confdefs.h.  */
| 
| /* Override any GCC internal prototype to avoid an error.
|    Use char because int might match the return type of a GCC
|    builtin and then its argument prototype would still apply.  */
| #ifdef __cplusplus
| extern "C"
| #endif
| char src_new ();
| int
| main ()
| {
| return src_new ();
|   ;
|   return 0;
| }
configure:3987: result: no
configure:3998: checking for log in -lm
configure:4023: gcc -o conftest -O2 -g -Wall  -I/usr/local/include/SDL -D_GNU_SOURCE=1 -D_THREAD_SAFE   -L/usr/local/lib -lSDLmain -lSDL -Wl,-framework,Cocoa conftest.c -lm   >&5
conftest.c:26:6: warning: incompatible redeclaration of library function 'log' [-Wincompatible-library-redeclaration]
char log ();
     ^
conftest.c:26:6: note: 'log' is a builtin with type 'double (double)'
1 warning generated.
configure:4023: $? = 0
configure:4032: result: yes
configure:4047: checking linux/kd.h usability
configure:4047: gcc -c -O2 -g -Wall  -I/usr/local/include/SDL -D_GNU_SOURCE=1 -D_THREAD_SAFE  conftest.c >&5
conftest.c:53:10: fatal error: 'linux/kd.h' file not found
#include <linux/kd.h>
         ^
1 error generated.
configure:4047: $? = 1
configure: failed program was:
| /* confdefs.h */
| #define PACKAGE_NAME "Chocolate Doom"
| #define PACKAGE_TARNAME "chocolate-doom"
| #define PACKAGE_VERSION "1.7.0"
| #define PACKAGE_STRING "Chocolate Doom 1.7.0"
| #define PACKAGE_BUGREPORT "fraggle@gmail.com"
| #define PACKAGE_URL ""
| #define STDC_HEADERS 1
| #define HAVE_SYS_TYPES_H 1
| #define HAVE_SYS_STAT_H 1
| #define HAVE_STDLIB_H 1
| #define HAVE_STRING_H 1
| #define HAVE_MEMORY_H 1
| #define HAVE_STRINGS_H 1
| #define HAVE_INTTYPES_H 1
| #define HAVE_STDINT_H 1
| #define HAVE_UNISTD_H 1
| #define HAVE_LIBM 1
| /* end confdefs.h.  */
| #include <stdio.h>
| #ifdef HAVE_SYS_TYPES_H
| # include <sys/types.h>
| #endif
| #ifdef HAVE_SYS_STAT_H
| # include <sys/stat.h>
| #endif
| #ifdef STDC_HEADERS
| # include <stdlib.h>
| # include <stddef.h>
| #else
| # ifdef HAVE_STDLIB_H
| #  include <stdlib.h>
| # endif
| #endif
| #ifdef HAVE_STRING_H
| # if !defined STDC_HEADERS && defined HAVE_MEMORY_H
| #  include <memory.h>
| # endif
| # include <string.h>
| #endif
| #ifdef HAVE_STRINGS_H
| # include <strings.h>
| #endif
| #ifdef HAVE_INTTYPES_H
| # include <inttypes.h>
| #endif
| #ifdef HAVE_STDINT_H
| # include <stdint.h>
| #endif
| #ifdef HAVE_UNISTD_H
| # include <unistd.h>
| #endif
| #include <linux/kd.h>
configure:4047: result: no
configure:4047: checking linux/kd.h presence
configure:4047: gcc -E  conftest.c
conftest.c:20:10: fatal error: 'linux/kd.h' file not found
#include <linux/kd.h>
         ^
1 error generated.
configure:4047: $? = 1
configure: failed program was:
| /* confdefs.h */
| #define PACKAGE_NAME "Chocolate Doom"
| #define PACKAGE_TARNAME "chocolate-doom"
| #define PACKAGE_VERSION "1.7.0"
| #define PACKAGE_STRING "Chocolate Doom 1.7.0"
| #define PACKAGE_BUGREPORT "fraggle@gmail.com"
| #define PACKAGE_URL ""
| #define STDC_HEADERS 1
| #define HAVE_SYS_TYPES_H 1
| #define HAVE_SYS_STAT_H 1
| #define HAVE_STDLIB_H 1
| #define HAVE_STRING_H 1
| #define HAVE_MEMORY_H 1
| #define HAVE_STRINGS_H 1
| #define HAVE_INTTYPES_H 1
| #define HAVE_STDINT_H 1
| #define HAVE_UNISTD_H 1
| #define HAVE_LIBM 1
| /* end confdefs.h.  */
| #include <linux/kd.h>
configure:4047: result: no
configure:4047: checking for linux/kd.h
configure:4047: result: no
configure:4047: checking dev/isa/spkrio.h usability
configure:4047: gcc -c -O2 -g -Wall  -I/usr/local/include/SDL -D_GNU_SOURCE=1 -D_THREAD_SAFE  conftest.c >&5
conftest.c:53:10: fatal error: 'dev/isa/spkrio.h' file not found
#include <dev/isa/spkrio.h>
         ^
1 error generated.
configure:4047: $? = 1
configure: failed program was:
| /* confdefs.h */
| #define PACKAGE_NAME "Chocolate Doom"
| #define PACKAGE_TARNAME "chocolate-doom"
| #define PACKAGE_VERSION "1.7.0"
| #define PACKAGE_STRING "Chocolate Doom 1.7.0"
| #define PACKAGE_BUGREPORT "fraggle@gmail.com"
| #define PACKAGE_URL ""
| #define STDC_HEADERS 1
| #define HAVE_SYS_TYPES_H 1
| #define HAVE_SYS_STAT_H 1
| #define HAVE_STDLIB_H 1
| #define HAVE_STRING_H 1
| #define HAVE_MEMORY_H 1
| #define HAVE_STRINGS_H 1
| #define HAVE_INTTYPES_H 1
| #define HAVE_STDINT_H 1
| #define HAVE_UNISTD_H 1
| #define HAVE_LIBM 1
| /* end confdefs.h.  */
| #include <stdio.h>
| #ifdef HAVE_SYS_TYPES_H
| # include <sys/types.h>
| #endif
| #ifdef HAVE_SYS_STAT_H
| # include <sys/stat.h>
| #endif
| #ifdef STDC_HEADERS
| # include <stdlib.h>
| # include <stddef.h>
| #else
| # ifdef HAVE_STDLIB_H
| #  include <stdlib.h>
| # endif
| #endif
| #ifdef HAVE_STRING_H
| # if !defined STDC_HEADERS && defined HAVE_MEMORY_H
| #  include <memory.h>
| # endif
| # include <string.h>
| #endif
| #ifdef HAVE_STRINGS_H
| # include <strings.h>
| #endif
| #ifdef HAVE_INTTYPES_H
| # include <inttypes.h>
| #endif
| #ifdef HAVE_STDINT_H
| # include <stdint.h>
| #endif
| #ifdef HAVE_UNISTD_H
| # include <unistd.h>
| #endif
| #include <dev/isa/spkrio.h>
configure:4047: result: no
configure:4047: checking dev/isa/spkrio.h presence
configure:4047: gcc -E  conftest.c
conftest.c:20:10: fatal error: 'dev/isa/spkrio.h' file not found
#include <dev/isa/spkrio.h>
         ^
1 error generated.
configure:4047: $? = 1
configure: failed program was:
| /* confdefs.h */
| #define PACKAGE_NAME "Chocolate Doom"
| #define PACKAGE_TARNAME "chocolate-doom"
| #define PACKAGE_VERSION "1.7.0"
| #define PACKAGE_STRING "Chocolate Doom 1.7.0"
| #define PACKAGE_BUGREPORT "fraggle@gmail.com"
| #define PACKAGE_URL ""
| #define STDC_HEADERS 1
| #define HAVE_SYS_TYPES_H 1
| #define HAVE_SYS_STAT_H 1
| #define HAVE_STDLIB_H 1
| #define HAVE_STRING_H 1
| #define HAVE_MEMORY_H 1
| #define HAVE_STRINGS_H 1
| #define HAVE_INTTYPES_H 1
| #define HAVE_STDINT_H 1
| #define HAVE_UNISTD_H 1
| #define HAVE_LIBM 1
| /* end confdefs.h.  */
| #include <dev/isa/spkrio.h>
configure:4047: result: no
configure:4047: checking for dev/isa/spkrio.h
configure:4047: result: no
configure:4047: checking dev/speaker/speaker.h usability
configure:4047: gcc -c -O2 -g -Wall  -I/usr/local/include/SDL -D_GNU_SOURCE=1 -D_THREAD_SAFE  conftest.c >&5
conftest.c:53:10: fatal error: 'dev/speaker/speaker.h' file not found
#include <dev/speaker/speaker.h>
         ^
1 error generated.
configure:4047: $? = 1
configure: failed program was:
| /* confdefs.h */
| #define PACKAGE_NAME "Chocolate Doom"
| #define PACKAGE_TARNAME "chocolate-doom"
| #define PACKAGE_VERSION "1.7.0"
| #define PACKAGE_STRING "Chocolate Doom 1.7.0"
| #define PACKAGE_BUGREPORT "fraggle@gmail.com"
| #define PACKAGE_URL ""
| #define STDC_HEADERS 1
| #define HAVE_SYS_TYPES_H 1
| #define HAVE_SYS_STAT_H 1
| #define HAVE_STDLIB_H 1
| #define HAVE_STRING_H 1
| #define HAVE_MEMORY_H 1
| #define HAVE_STRINGS_H 1
| #define HAVE_INTTYPES_H 1
| #define HAVE_STDINT_H 1
| #define HAVE_UNISTD_H 1
| #define HAVE_LIBM 1
| /* end confdefs.h.  */
| #include <stdio.h>
| #ifdef HAVE_SYS_TYPES_H
| # include <sys/types.h>
| #endif
| #ifdef HAVE_SYS_STAT_H
| # include <sys/stat.h>
| #endif
| #ifdef STDC_HEADERS
| # include <stdlib.h>
| # include <stddef.h>
| #else
| # ifdef HAVE_STDLIB_H
| #  include <stdlib.h>
| # endif
| #endif
| #ifdef HAVE_STRING_H
| # if !defined STDC_HEADERS && defined HAVE_MEMORY_H
| #  include <memory.h>
| # endif
| # include <string.h>
| #endif
| #ifdef HAVE_STRINGS_H
| # include <strings.h>
| #endif
| #ifdef HAVE_INTTYPES_H
| # include <inttypes.h>
| #endif
| #ifdef HAVE_STDINT_H
| # include <stdint.h>
| #endif
| #ifdef HAVE_UNISTD_H
| # include <unistd.h>
| #endif
| #include <dev/speaker/speaker.h>
configure:4047: result: no
configure:4047: checking dev/speaker/speaker.h presence
configure:4047: gcc -E  conftest.c
conftest.c:20:10: fatal error: 'dev/speaker/speaker.h' file not found
#include <dev/speaker/speaker.h>
         ^
1 error generated.
configure:4047: $? = 1
configure: failed program was:
| /* confdefs.h */
| #define PACKAGE_NAME "Chocolate Doom"
| #define PACKAGE_TARNAME "chocolate-doom"
| #define PACKAGE_VERSION "1.7.0"
| #define PACKAGE_STRING "Chocolate Doom 1.7.0"
| #define PACKAGE_BUGREPORT "fraggle@gmail.com"
| #define PACKAGE_URL ""
| #define STDC_HEADERS 1
| #define HAVE_SYS_TYPES_H 1
| #define HAVE_SYS_STAT_H 1
| #define HAVE_STDLIB_H 1
| #define HAVE_STRING_H 1
| #define HAVE_MEMORY_H 1
| #define HAVE_STRINGS_H 1
| #define HAVE_INTTYPES_H 1
| #define HAVE_STDINT_H 1
| #define HAVE_UNISTD_H 1
| #define HAVE_LIBM 1
| /* end confdefs.h.  */
| #include <dev/speaker/speaker.h>
configure:4047: result: no
configure:4047: checking for dev/speaker/speaker.h
configure:4047: result: no
configure:4060: checking for mmap
configure:4060: gcc -o conftest -O2 -g -Wall  -I/usr/local/include/SDL -D_GNU_SOURCE=1 -D_THREAD_SAFE   -L/usr/local/lib -lSDLmain -lSDL -Wl,-framework,Cocoa conftest.c -lm  >&5
configure:4060: $? = 0
configure:4060: result: yes
configure:4060: checking for sched_setaffinity
configure:4060: gcc -o conftest -O2 -g -Wall  -I/usr/local/include/SDL -D_GNU_SOURCE=1 -D_THREAD_SAFE   -L/usr/local/lib -lSDLmain -lSDL -Wl,-framework,Cocoa conftest.c -lm  >&5
Undefined symbols for architecture x86_64:
  "_sched_setaffinity", referenced from:
      _main in conftest-QuLi6M.o
ld: symbol(s) not found for architecture x86_64
clang: error: linker command failed with exit code 1 (use -v to see invocation)
configure:4060: $? = 1
configure: failed program was:
| /* confdefs.h */
| #define PACKAGE_NAME "Chocolate Doom"
| #define PACKAGE_TARNAME "chocolate-doom"
| #define PACKAGE_VERSION "1.7.0"
| #define PACKAGE_STRING "Chocolate Doom 1.7.0"
| #define PACKAGE_BUGREPORT "fraggle@gmail.com"
| #define PACKAGE_URL ""
| #define STDC_HEADERS 1
| #define HAVE_SYS_TYPES_H 1
| #define HAVE_SYS_STAT_H 1
| #define HAVE_STDLIB_H 1
| #define HAVE_STRING_H 1
| #define HAVE_MEMORY_H 1
| #define HAVE_STRINGS_H 1
| #define HAVE_INTTYPES_H 1
| #define HAVE_STDINT_H 1
| #define HAVE_UNISTD_H 1
| #define HAVE_LIBM 1
| #define HAVE_MMAP 1
| /* end confdefs.h.  */
| /* Define sched_setaffinity to an innocuous variant, in case <limits.h> declares sched_setaffinity.
|    For example, HP-UX 11i <limits.h> declares gettimeofday.  */
| #define sched_setaffinity innocuous_sched_setaffinity
| 
| /* System header to define __stub macros and hopefully few prototypes,
|     which can conflict with char sched_setaffinity (); below.
|     Prefer <limits.h> to <assert.h> if __STDC__ is defined, since
|     <limits.h> exists even on freestanding compilers.  */
| 
| #ifdef __STDC__
| # include <limits.h>
| #else
| # include <assert.h>
| #endif
| 
| #undef sched_setaffinity
| 
| /* Override any GCC internal prototype to avoid an error.
|    Use char because int might match the return type of a GCC
|    builtin and then its argument prototype would still apply.  */
| #ifdef __cplusplus
| extern "C"
| #endif
| char sched_setaffinity ();
| /* The GNU C library defines this for functions which it implements
|     to always fail with ENOSYS.  Some functions are actually named
|     something starting with __ and the normal name is an alias.  */
| #if defined __stub_sched_setaffinity || defined __stub___sched_setaffinity
| choke me
| #endif
| 
| int
| main ()
| {
| return sched_setaffinity ();
|   ;
|   return 0;
| }
configure:4060: result: no
configure:4060: checking for ioperm
configure:4060: gcc -o conftest -O2 -g -Wall  -I/usr/local/include/SDL -D_GNU_SOURCE=1 -D_THREAD_SAFE   -L/usr/local/lib -lSDLmain -lSDL -Wl,-framework,Cocoa conftest.c -lm  >&5
Undefined symbols for architecture x86_64:
  "_ioperm", referenced from:
      _main in conftest-P1ankC.o
ld: symbol(s) not found for architecture x86_64
clang: error: linker command failed with exit code 1 (use -v to see invocation)
configure:4060: $? = 1
configure: failed program was:
| /* confdefs.h */
| #define PACKAGE_NAME "Chocolate Doom"
| #define PACKAGE_TARNAME "chocolate-doom"
| #define PACKAGE_VERSION "1.7.0"
| #define PACKAGE_STRING "Chocolate Doom 1.7.0"
| #define PACKAGE_BUGREPORT "fraggle@gmail.com"
| #define PACKAGE_URL ""
| #define STDC_HEADERS 1
| #define HAVE_SYS_TYPES_H 1
| #define HAVE_SYS_STAT_H 1
| #define HAVE_STDLIB_H 1
| #define HAVE_STRING_H 1
| #define HAVE_MEMORY_H 1
| #define HAVE_STRINGS_H 1
| #define HAVE_INTTYPES_H 1
| #define HAVE_STDINT_H 1
| #define HAVE_UNISTD_H 1
| #define HAVE_LIBM 1
| #define HAVE_MMAP 1
| /* end confdefs.h.  */
| /* Define ioperm to an innocuous variant, in case <limits.h> declares ioperm.
|    For example, HP-UX 11i <limits.h> declares gettimeofday.  */
| #define ioperm innocuous_ioperm
| 
| /* System header to define __stub macros and hopefully few prototypes,
|     which can conflict with char ioperm (); below.
|     Prefer <limits.h> to <assert.h> if __STDC__ is defined, since
|     <limits.h> exists even on freestanding compilers.  */
| 
| #ifdef __STDC__
| # include <limits.h>
| #else
| # include <assert.h>
| #endif
| 
| #undef ioperm
| 
| /* Override any GCC internal prototype to avoid an error.
|    Use char because int might match the return type of a GCC
|    builtin and then its argument prototype would still apply.  */
| #ifdef __cplusplus
| extern "C"
| #endif
| char ioperm ();
| /* The GNU C library defines this for functions which it implements
|     to always fail with ENOSYS.  Some functions are actually named
|     something starting with __ and the normal name is an alias.  */
| #if defined __stub_ioperm || defined __stub___ioperm
| choke me
| #endif
| 
| int
| main ()
| {
| return ioperm ();
|   ;
|   return 0;
| }
configure:4060: result: no
configure:4073: checking for i386_iopl in -li386
configure:4098: gcc -o conftest -O2 -g -Wall  -I/usr/local/include/SDL -D_GNU_SOURCE=1 -D_THREAD_SAFE   -L/usr/local/lib -lSDLmain -lSDL -Wl,-framework,Cocoa conftest.c -li386  -lm  >&5
ld: library not found for -li386
clang: error: linker command failed with exit code 1 (use -v to see invocation)
configure:4098: $? = 1
configure: failed program was:
| /* confdefs.h */
| #define PACKAGE_NAME "Chocolate Doom"
| #define PACKAGE_TARNAME "chocolate-doom"
| #define PACKAGE_VERSION "1.7.0"
| #define PACKAGE_STRING "Chocolate Doom 1.7.0"
| #define PACKAGE_BUGREPORT "fraggle@gmail.com"
| #define PACKAGE_URL ""
| #define STDC_HEADERS 1
| #define HAVE_SYS_TYPES_H 1
| #define HAVE_SYS_STAT_H 1
| #define HAVE_STDLIB_H 1
| #define HAVE_STRING_H 1
| #define HAVE_MEMORY_H 1
| #define HAVE_STRINGS_H 1
| #define HAVE_INTTYPES_H 1
| #define HAVE_STDINT_H 1
| #define HAVE_UNISTD_H 1
| #define HAVE_LIBM 1
| #define HAVE_MMAP 1
| /* end confdefs.h.  */
| 
| /* Override any GCC internal prototype to avoid an error.
|    Use char because int might match the return type of a GCC
|    builtin and then its argument prototype would still apply.  */
| #ifdef __cplusplus
| extern "C"
| #endif
| char i386_iopl ();
| int
| main ()
| {
| return i386_iopl ();
|   ;
|   return 0;
| }
configure:4107: result: no
configure:4118: checking for amd64_iopl in -lamd64
configure:4143: gcc -o conftest -O2 -g -Wall  -I/usr/local/include/SDL -D_GNU_SOURCE=1 -D_THREAD_SAFE   -L/usr/local/lib -lSDLmain -lSDL -Wl,-framework,Cocoa conftest.c -lamd64  -lm  >&5
ld: library not found for -lamd64
clang: error: linker command failed with exit code 1 (use -v to see invocation)
configure:4143: $? = 1
configure: failed program was:
| /* confdefs.h */
| #define PACKAGE_NAME "Chocolate Doom"
| #define PACKAGE_TARNAME "chocolate-doom"
| #define PACKAGE_VERSION "1.7.0"
| #define PACKAGE_STRING "Chocolate Doom 1.7.0"
| #define PACKAGE_BUGREPORT "fraggle@gmail.com"
| #define PACKAGE_URL ""
| #define STDC_HEADERS 1
| #define HAVE_SYS_TYPES_H 1
| #define HAVE_SYS_STAT_H 1
| #define HAVE_STDLIB_H 1
| #define HAVE_STRING_H 1
| #define HAVE_MEMORY_H 1
| #define HAVE_STRINGS_H 1
| #define HAVE_INTTYPES_H 1
| #define HAVE_STDINT_H 1
| #define HAVE_UNISTD_H 1
| #define HAVE_LIBM 1
| #define HAVE_MMAP 1
| /* end confdefs.h.  */
| 
| /* Override any GCC internal prototype to avoid an error.
|    Use char because int might match the return type of a GCC
|    builtin and then its argument prototype would still apply.  */
| #ifdef __cplusplus
| extern "C"
| #endif
| char amd64_iopl ();
| int
| main ()
| {
| return amd64_iopl ();
|   ;
|   return 0;
| }
configure:4152: result: no
configure:4211: checking for windres
configure:4241: result: no
configure:4303: checking for strip
configure:4319: found /usr/bin/strip
configure:4330: result: strip
configure:4408: checking for a BSD-compatible install
configure:4476: result: /usr/bin/install -c
configure:4487: checking whether build environment is sane
configure:4537: result: yes
configure:4678: checking for a thread-safe mkdir -p
configure:4717: result: autotools/install-sh -c -d
configure:4730: checking for gawk
configure:4760: result: no
configure:4730: checking for mawk
configure:4760: result: no
configure:4730: checking for nawk
configure:4760: result: no
configure:4730: checking for awk
configure:4746: found /usr/bin/awk
configure:4757: result: awk
configure:4768: checking whether make sets $(MAKE)
configure:4790: result: yes
configure:4820: checking for style of include used by make
configure:4848: result: GNU
configure:4933: checking dependency style of gcc
configure:5043: result: gcc3
configure:5240: creating ./config.status

## ---------------------- ##
## Running config.status. ##
## ---------------------- ##

This file was extended by Chocolate Doom config.status 1.7.0, which was
generated by GNU Autoconf 2.67.  Invocation command line was

  CONFIG_FILES    = 
  CONFIG_HEADERS  = 
  CONFIG_LINKS    = 
  CONFIG_COMMANDS = 
  $ ./config.status 

on rcray-mbp.student.iastate.edu

config.status:905: creating Makefile
config.status:905: creating rpm.spec
config.status:905: creating man/Makefile
config.status:905: creating opl/Makefile
config.status:905: creating opl/examples/Makefile
config.status:905: creating pcsound/Makefile
config.status:905: creating pkg/Makefile
config.status:905: creating pkg/config.make
config.status:905: creating pkg/osx/Info.plist
config.status:905: creating pkg/osx/Info-gnustep.plist
config.status:905: creating setup/Makefile
config.status:905: creating setup/setup.desktop
config.status:905: creating setup/setup-res.rc
config.status:905: creating setup/setup-manifest.xml
config.status:905: creating data/Makefile
config.status:905: creating src/Makefile
config.status:905: creating src/doom.desktop
config.status:905: creating src/doom-screensaver.desktop
config.status:905: creating src/resource.rc
config.status:905: creating textscreen/Makefile
config.status:905: creating textscreen/examples/Makefile
config.status:905: creating wince/Makefile
config.status:905: creating config.h
config.status:1051: config.h is unchanged
config.status:1099: executing depfiles commands

## ---------------- ##
## Cache variables. ##
## ---------------- ##

ac_cv_c_compiler_gnu=yes
ac_cv_env_CC_set=
ac_cv_env_CC_value=
ac_cv_env_CFLAGS_set=
ac_cv_env_CFLAGS_value=
ac_cv_env_CPPFLAGS_set=
ac_cv_env_CPPFLAGS_value=
ac_cv_env_CPP_set=
ac_cv_env_CPP_value=
ac_cv_env_LDFLAGS_set=
ac_cv_env_LDFLAGS_value=
ac_cv_env_LIBS_set=
ac_cv_env_LIBS_value=
ac_cv_env_build_alias_set=
ac_cv_env_build_alias_value=
ac_cv_env_host_alias_set=
ac_cv_env_host_alias_value=
ac_cv_env_target_alias_set=
ac_cv_env_target_alias_value=
ac_cv_func_ioperm=no
ac_cv_func_mmap=yes
ac_cv_func_sched_setaffinity=no
ac_cv_header_dev_isa_spkrio_h=no
ac_cv_header_dev_speaker_speaker_h=no
ac_cv_header_inttypes_h=yes
ac_cv_header_linux_kd_h=no
ac_cv_header_memory_h=yes
ac_cv_header_stdc=yes
ac_cv_header_stdint_h=yes
ac_cv_header_stdlib_h=yes
ac_cv_header_string_h=yes
ac_cv_header_strings_h=yes
ac_cv_header_sys_stat_h=yes
ac_cv_header_sys_types_h=yes
ac_cv_header_unistd_h=yes
ac_cv_lib_SDL_mixer_Mix_LoadMUS=yes
ac_cv_lib_SDL_net_SDLNet_UDP_Send=yes
ac_cv_lib_amd64_amd64_iopl=no
ac_cv_lib_i386_i386_iopl=no
ac_cv_lib_m_log=yes
ac_cv_lib_samplerate_src_new=no
ac_cv_objext=o
ac_cv_path_EGREP='/usr/bin/grep -E'
ac_cv_path_GREP=/usr/bin/grep
ac_cv_path_SDL_CONFIG=/usr/local/bin/sdl-config
ac_cv_path_install='/usr/bin/install -c'
ac_cv_prog_AWK=awk
ac_cv_prog_CPP='gcc -E'
ac_cv_prog_HAVE_PYTHON=true
ac_cv_prog_ac_ct_CC=gcc
ac_cv_prog_ac_ct_RANLIB=ranlib
ac_cv_prog_ac_ct_STRIP=strip
ac_cv_prog_cc_c89=
ac_cv_prog_cc_g=yes
ac_cv_prog_make_make_set=yes
am_cv_CC_dependencies_compiler_type=gcc3

## ----------------- ##
## Output variables. ##
## ----------------- ##

ACLOCAL='${SHELL} /Users/colin/Developer/cs572-research-project/chocolate-doom-1.7.0/autotools/missing --run aclocal-1.11'
AMDEPBACKSLASH='\'
AMDEP_FALSE='#'
AMDEP_TRUE=''
AMTAR='${SHELL} /Users/colin/Developer/cs572-research-project/chocolate-doom-1.7.0/autotools/missing --run tar'
AM_BACKSLASH='\'
AM_DEFAULT_VERBOSITY='0'
AUTOCONF='${SHELL} /Users/colin/Developer/cs572-research-project/chocolate-doom-1.7.0/autotools/missing --run autoconf'
AUTOHEADER='${SHELL} /Users/colin/Developer/cs572-research-project/chocolate-doom-1.7.0/autotools/missing --run autoheader'
AUTOMAKE='${SHELL} /Users/colin/Developer/cs572-research-project/chocolate-doom-1.7.0/autotools/missing --run automake-1.11'
AWK='awk'
CC='gcc'
CCDEPMODE='depmode=gcc3'
CFLAGS='-O2 -g -Wall  -I/usr/local/include/SDL -D_GNU_SOURCE=1 -D_THREAD_SAFE'
CPP='gcc -E'
CPPFLAGS=''
CYGPATH_W='echo'
DEFS='-DHAVE_CONFIG_H'
DEPDIR='.deps'
ECHO_C='\c'
ECHO_N=''
ECHO_T=''
EGREP='/usr/bin/grep -E'
EXEEXT=''
GREP='/usr/bin/grep'
HAVE_PYTHON='true'
HAVE_PYTHON_FALSE='#'
HAVE_PYTHON_TRUE=''
HAVE_WINDRES_FALSE=''
HAVE_WINDRES_TRUE='#'
INSTALL_DATA='${INSTALL} -m 644'
INSTALL_PROGRAM='${INSTALL}'
INSTALL_SCRIPT='${INSTALL}'
INSTALL_STRIP_PROGRAM='$(install_sh) -c -s'
LDFLAGS=' -L/usr/local/lib -lSDLmain -lSDL -Wl,-framework,Cocoa'
LIBOBJS=''
LIBS='-lm '
LTLIBOBJS=''
MAKEINFO='${SHELL} /Users/colin/Developer/cs572-research-project/chocolate-doom-1.7.0/autotools/missing --run makeinfo'
MKDIR_P='autotools/install-sh -c -d'
OBJEXT='o'
PACKAGE='chocolate-doom'
PACKAGE_BUGREPORT='fraggle@gmail.com'
PACKAGE_COPYRIGHT='Copyright (C) 1993-2012'
PACKAGE_LICENSE='GNU General Public License, version 2'
PACKAGE_MAINTAINER='Simon Howard'
PACKAGE_NAME='Chocolate Doom'
PACKAGE_SHORTDESC='Conservative Doom source port'
PACKAGE_STRING='Chocolate Doom 1.7.0'
PACKAGE_TARNAME='chocolate-doom'
PACKAGE_URL='http://www.chocolate-doom.org/'
PACKAGE_VERSION='1.7.0'
PATH_SEPARATOR=':'
PROGRAM_PREFIX='chocolate-'
RANLIB='ranlib'
SDLMIXER_CFLAGS=''
SDLMIXER_LIBS=' -lSDL_mixer'
SDLNET_CFLAGS=''
SDLNET_LIBS=' -lSDL_net'
SDL_CFLAGS='-I/usr/local/include/SDL -D_GNU_SOURCE=1 -D_THREAD_SAFE'
SDL_CONFIG='/usr/local/bin/sdl-config'
SDL_LIBS='-L/usr/local/lib -lSDLmain -lSDL -Wl,-framework,Cocoa'
SET_MAKE=''
SHELL='/bin/sh'
STRIP='strip'
VERSION='1.7.0'
WINDOWS_CE_FALSE=''
WINDOWS_CE_TRUE='#'
WINDOWS_RC_VERSION='1, 7, 0, 0'
WINDRES=''
ac_aux_dir='autotools'
ac_ct_CC='gcc'
am__EXEEXT_FALSE=''
am__EXEEXT_TRUE='#'
am__fastdepCC_FALSE='#'
am__fastdepCC_TRUE=''
am__include='include'
am__isrc=''
am__leading_dot='.'
am__quote=''
am__tar='${AMTAR} chof - "$$tardir"'
am__untar='${AMTAR} xf -'
bindir='${exec_prefix}/bin'
build_alias=''
datadir='${datarootdir}'
datarootdir='${prefix}/share'
docdir='${datarootdir}/doc/${PACKAGE_TARNAME}'
dvidir='${docdir}'
exec_prefix='${prefix}'
host_alias=''
htmldir='${docdir}'
includedir='${prefix}/include'
infodir='${datarootdir}/info'
install_sh='${SHELL} /Users/colin/Developer/cs572-research-project/chocolate-doom-1.7.0/autotools/install-sh'
libdir='${exec_prefix}/lib'
libexecdir='${exec_prefix}/libexec'
localedir='${datarootdir}/locale'
localstatedir='${prefix}/var'
mandir='${datarootdir}/man'
mkdir_p='$(top_builddir)/autotools/install-sh -c -d'
oldincludedir='/usr/include'
pdfdir='${docdir}'
prefix='/usr/local'
program_transform_name='s,x,x,'
psdir='${docdir}'
sbindir='${exec_prefix}/sbin'
sharedstatedir='${prefix}/com'
sysconfdir='${prefix}/etc'
target_alias=''

## ----------- ##
## confdefs.h. ##
## ----------- ##

/* confdefs.h */
#define PACKAGE_NAME "Chocolate Doom"
#define PACKAGE_TARNAME "chocolate-doom"
#define PACKAGE_VERSION "1.7.0"
#define PACKAGE_STRING "Chocolate Doom 1.7.0"
#define PACKAGE_BUGREPORT "fraggle@gmail.com"
#define PACKAGE_URL ""
#define STDC_HEADERS 1
#define HAVE_SYS_TYPES_H 1
#define HAVE_SYS_STAT_H 1
#define HAVE_STDLIB_H 1
#define HAVE_STRING_H 1
#define HAVE_MEMORY_H 1
#define HAVE_STRINGS_H 1
#define HAVE_INTTYPES_H 1
#define HAVE_STDINT_H 1
#define HAVE_UNISTD_H 1
#define HAVE_LIBM 1
#define HAVE_MMAP 1
#define PACKAGE "chocolate-doom"
#define VERSION "1.7.0"
#define PROGRAM_PREFIX "chocolate-"

configure: exit 0
